<?xml version="1.0" encoding="UTF-8"?>
<testsuite name="com.BKS.webservice.springboot.domain.posts.PostsRepositoryTest" tests="2" skipped="0" failures="0" errors="0" timestamp="2022-05-15T10:03:18" hostname="Bokyungui-MacBook-Pro.local" time="0.054">
  <properties/>
  <testcase name="게시글저장_불러오기()" classname="com.BKS.webservice.springboot.domain.posts.PostsRepositoryTest" time="0.028"/>
  <testcase name="BaseTimeEntity_등록()" classname="com.BKS.webservice.springboot.domain.posts.PostsRepositoryTest" time="0.025"/>
  <system-out><![CDATA[2022-05-15 19:03:17.471  INFO 58011 --- [    Test worker] .b.t.c.SpringBootTestContextBootstrapper : Neither @ContextConfiguration nor @ContextHierarchy found for test class [com.BKS.webservice.springboot.domain.posts.PostsRepositoryTest], using SpringBootContextLoader
2022-05-15 19:03:17.475  INFO 58011 --- [    Test worker] o.s.t.c.support.AbstractContextLoader    : Could not detect default resource locations for test class [com.BKS.webservice.springboot.domain.posts.PostsRepositoryTest]: no resource found for suffixes {-context.xml, Context.groovy}.
2022-05-15 19:03:17.477  INFO 58011 --- [    Test worker] t.c.s.AnnotationConfigContextLoaderUtils : Could not detect default configuration classes for test class [com.BKS.webservice.springboot.domain.posts.PostsRepositoryTest]: PostsRepositoryTest does not declare any static, non-private, non-final, nested classes annotated with @Configuration.
2022-05-15 19:03:17.497  INFO 58011 --- [    Test worker] .b.t.c.SpringBootTestContextBootstrapper : Found @SpringBootConfiguration com.BKS.webservice.springboot.Application for test class com.BKS.webservice.springboot.domain.posts.PostsRepositoryTest
2022-05-15 19:03:17.499  INFO 58011 --- [    Test worker] .b.t.c.SpringBootTestContextBootstrapper : Loaded default TestExecutionListener class names from location [META-INF/spring.factories]: [org.springframework.security.test.context.support.WithSecurityContextTestExecutionListener, org.springframework.security.test.context.support.ReactorContextTestExecutionListener, org.springframework.boot.test.autoconfigure.restdocs.RestDocsTestExecutionListener, org.springframework.boot.test.autoconfigure.web.client.MockRestServiceServerResetTestExecutionListener, org.springframework.boot.test.autoconfigure.web.servlet.MockMvcPrintOnlyOnFailureTestExecutionListener, org.springframework.boot.test.autoconfigure.web.servlet.WebDriverTestExecutionListener, org.springframework.boot.test.autoconfigure.webservices.client.MockWebServiceServerTestExecutionListener, org.springframework.boot.test.mock.mockito.MockitoTestExecutionListener, org.springframework.boot.test.mock.mockito.ResetMocksTestExecutionListener, org.springframework.test.context.web.ServletTestExecutionListener, org.springframework.test.context.support.DirtiesContextBeforeModesTestExecutionListener, org.springframework.test.context.event.ApplicationEventsTestExecutionListener, org.springframework.test.context.support.DependencyInjectionTestExecutionListener, org.springframework.test.context.support.DirtiesContextTestExecutionListener, org.springframework.test.context.transaction.TransactionalTestExecutionListener, org.springframework.test.context.jdbc.SqlScriptsTestExecutionListener, org.springframework.test.context.event.EventPublishingTestExecutionListener]
2022-05-15 19:03:17.504  INFO 58011 --- [    Test worker] .b.t.c.SpringBootTestContextBootstrapper : Using TestExecutionListeners: [org.springframework.test.context.web.ServletTestExecutionListener@7c919d30, org.springframework.test.context.support.DirtiesContextBeforeModesTestExecutionListener@37629502, org.springframework.test.context.event.ApplicationEventsTestExecutionListener@1486af5b, org.springframework.boot.test.mock.mockito.MockitoTestExecutionListener@13c0e64b, org.springframework.boot.test.autoconfigure.SpringBootDependencyInjectionTestExecutionListener@6348811e, org.springframework.test.context.support.DirtiesContextTestExecutionListener@40a1d2f0, org.springframework.test.context.transaction.TransactionalTestExecutionListener@61fc41c8, org.springframework.test.context.jdbc.SqlScriptsTestExecutionListener@751a0102, org.springframework.security.test.context.support.WithSecurityContextTestExecutionListener@52fd3ece, org.springframework.test.context.event.EventPublishingTestExecutionListener@1c054033, org.springframework.security.test.context.support.ReactorContextTestExecutionListener@1f74b07a, org.springframework.boot.test.autoconfigure.restdocs.RestDocsTestExecutionListener@3ac3a087, org.springframework.boot.test.autoconfigure.web.client.MockRestServiceServerResetTestExecutionListener@1f3e25f, org.springframework.boot.test.autoconfigure.web.servlet.MockMvcPrintOnlyOnFailureTestExecutionListener@37c13e8a, org.springframework.boot.test.autoconfigure.web.servlet.WebDriverTestExecutionListener@d0caf68, org.springframework.boot.test.autoconfigure.webservices.client.MockWebServiceServerTestExecutionListener@2aecf1d6, org.springframework.boot.test.mock.mockito.ResetMocksTestExecutionListener@34930fce]

  .   ____          _            __ _ _
 /\\ / ___'_ __ _ _(_)_ __  __ _ \ \ \ \
( ( )\___ | '_ | '_| | '_ \/ _` | \ \ \ \
 \\/  ___)| |_)| | | | | || (_| |  ) ) ) )
  '  |____| .__|_| |_|_| |_\__, | / / / /
 =========|_|==============|___/=/_/_/_/
 :: Spring Boot ::                (v2.6.5)

2022-05-15 19:03:17.537  INFO 58011 --- [    Test worker] c.B.w.s.d.posts.PostsRepositoryTest      : Starting PostsRepositoryTest using Java 11.0.14 on Bokyungui-MacBook-Pro.local with PID 58011 (started by seobokyung in /Users/seobokyung/Study/basic_webservice)
2022-05-15 19:03:17.538  INFO 58011 --- [    Test worker] c.B.w.s.d.posts.PostsRepositoryTest      : No active profile set, falling back to 1 default profile: "default"
2022-05-15 19:03:17.809  INFO 58011 --- [    Test worker] .s.d.r.c.RepositoryConfigurationDelegate : Bootstrapping Spring Data JPA repositories in DEFAULT mode.
2022-05-15 19:03:17.823  INFO 58011 --- [    Test worker] .s.d.r.c.RepositoryConfigurationDelegate : Finished Spring Data repository scanning in 13 ms. Found 2 JPA repository interfaces.
2022-05-15 19:03:17.988  INFO 58011 --- [    Test worker] com.zaxxer.hikari.HikariDataSource       : HikariPool-2 - Starting...
2022-05-15 19:03:17.990  INFO 58011 --- [    Test worker] com.zaxxer.hikari.HikariDataSource       : HikariPool-2 - Start completed.
2022-05-15 19:03:18.027  INFO 58011 --- [    Test worker] o.hibernate.jpa.internal.util.LogHelper  : HHH000204: Processing PersistenceUnitInfo [name: default]
2022-05-15 19:03:18.034  INFO 58011 --- [    Test worker] org.hibernate.dialect.Dialect            : HHH000400: Using dialect: org.hibernate.dialect.MySQL57Dialect
Hibernate: drop table if exists posts
Hibernate: drop table if exists user
Hibernate: create table posts (id bigint not null auto_increment, created_date datetime(6), modified_date datetime(6), author varchar(255), content TEXT not null, title varchar(500) not null, primary key (id)) engine=InnoDB
Hibernate: create table user (id bigint not null auto_increment, created_date datetime(6), modified_date datetime(6), email varchar(255) not null, name varchar(255) not null, picture varchar(255), role varchar(255) not null, primary key (id)) engine=InnoDB
2022-05-15 19:03:18.123  INFO 58011 --- [    Test worker] o.h.e.t.j.p.i.JtaPlatformInitiator       : HHH000490: Using JtaPlatform implementation: [org.hibernate.engine.transaction.jta.platform.internal.NoJtaPlatform]
2022-05-15 19:03:18.123  INFO 58011 --- [    Test worker] j.LocalContainerEntityManagerFactoryBean : Initialized JPA EntityManagerFactory for persistence unit 'default'
2022-05-15 19:03:18.249  WARN 58011 --- [    Test worker] JpaBaseConfiguration$JpaWebConfiguration : spring.jpa.open-in-view is enabled by default. Therefore, database queries may be performed during view rendering. Explicitly configure spring.jpa.open-in-view to disable this warning
2022-05-15 19:03:18.395  INFO 58011 --- [    Test worker] o.s.s.web.DefaultSecurityFilterChain     : Will not secure any request
2022-05-15 19:03:18.555  INFO 58011 --- [    Test worker] o.s.b.a.h2.H2ConsoleAutoConfiguration    : H2 console available at '/h2-console'. Database available at 'jdbc:h2:mem:testdb'
2022-05-15 19:03:18.790  INFO 58011 --- [    Test worker] s.a.ScheduledAnnotationBeanPostProcessor : No TaskScheduler/ScheduledExecutorService bean found for scheduled processing
2022-05-15 19:03:18.791  INFO 58011 --- [    Test worker] c.B.w.s.d.posts.PostsRepositoryTest      : Started PostsRepositoryTest in 1.284 seconds (JVM running for 16.267)
Hibernate: insert into posts (created_date, modified_date, author, content, title) values (?, ?, ?, ?, ?)
Hibernate: select posts0_.id as id1_0_, posts0_.created_date as created_2_0_, posts0_.modified_date as modified3_0_, posts0_.author as author4_0_, posts0_.content as content5_0_, posts0_.title as title6_0_ from posts posts0_
Hibernate: select posts0_.id as id1_0_, posts0_.created_date as created_2_0_, posts0_.modified_date as modified3_0_, posts0_.author as author4_0_, posts0_.content as content5_0_, posts0_.title as title6_0_ from posts posts0_
Hibernate: delete from posts where id=?
Hibernate: insert into posts (created_date, modified_date, author, content, title) values (?, ?, ?, ?, ?)
Hibernate: select posts0_.id as id1_0_, posts0_.created_date as created_2_0_, posts0_.modified_date as modified3_0_, posts0_.author as author4_0_, posts0_.content as content5_0_, posts0_.title as title6_0_ from posts posts0_
>>>>> createDate=2022-05-15T19:03:18.830851, modifiedDate=2022-05-15T19:03:18.830851
Hibernate: select posts0_.id as id1_0_, posts0_.created_date as created_2_0_, posts0_.modified_date as modified3_0_, posts0_.author as author4_0_, posts0_.content as content5_0_, posts0_.title as title6_0_ from posts posts0_
Hibernate: delete from posts where id=?
]]></system-out>
  <system-err><![CDATA[]]></system-err>
</testsuite>
