<?xml version="1.0" encoding="UTF-8"?>
<testsuite name="com.BKS.webservice.springboot.HelloResponseDtoTest" tests="1" skipped="0" failures="0" errors="0" timestamp="2022-05-15T10:03:17" hostname="Bokyungui-MacBook-Pro.local" time="0.003">
  <properties/>
  <testcase name="롬복_기능_테스트()" classname="com.BKS.webservice.springboot.HelloResponseDtoTest" time="0.003"/>
  <system-out><![CDATA[]]></system-out>
  <system-err><![CDATA[]]></system-err>
</testsuite>
