<?xml version="1.0" encoding="UTF-8"?>
<testsuite name="com.BKS.webservice.springboot.web.IndexControllerTest" tests="1" skipped="0" failures="0" errors="0" timestamp="2022-05-15T10:03:16" hostname="Bokyungui-MacBook-Pro.local" time="1.126">
  <properties/>
  <testcase name="메인페이지_로딩()" classname="com.BKS.webservice.springboot.web.IndexControllerTest" time="1.126"/>
  <system-out><![CDATA[2022-05-15 19:03:16.319  INFO 58011 --- [    Test worker] .b.t.c.SpringBootTestContextBootstrapper : Neither @ContextConfiguration nor @ContextHierarchy found for test class [com.BKS.webservice.springboot.web.IndexControllerTest], using SpringBootContextLoader
2022-05-15 19:03:16.321  INFO 58011 --- [    Test worker] o.s.t.c.support.AbstractContextLoader    : Could not detect default resource locations for test class [com.BKS.webservice.springboot.web.IndexControllerTest]: no resource found for suffixes {-context.xml, Context.groovy}.
2022-05-15 19:03:16.321  INFO 58011 --- [    Test worker] t.c.s.AnnotationConfigContextLoaderUtils : Could not detect default configuration classes for test class [com.BKS.webservice.springboot.web.IndexControllerTest]: IndexControllerTest does not declare any static, non-private, non-final, nested classes annotated with @Configuration.
2022-05-15 19:03:16.324  INFO 58011 --- [    Test worker] .b.t.c.SpringBootTestContextBootstrapper : Found @SpringBootConfiguration com.BKS.webservice.springboot.Application for test class com.BKS.webservice.springboot.web.IndexControllerTest
2022-05-15 19:03:16.328  INFO 58011 --- [    Test worker] .b.t.c.SpringBootTestContextBootstrapper : Loaded default TestExecutionListener class names from location [META-INF/spring.factories]: [org.springframework.security.test.context.support.WithSecurityContextTestExecutionListener, org.springframework.security.test.context.support.ReactorContextTestExecutionListener, org.springframework.boot.test.autoconfigure.restdocs.RestDocsTestExecutionListener, org.springframework.boot.test.autoconfigure.web.client.MockRestServiceServerResetTestExecutionListener, org.springframework.boot.test.autoconfigure.web.servlet.MockMvcPrintOnlyOnFailureTestExecutionListener, org.springframework.boot.test.autoconfigure.web.servlet.WebDriverTestExecutionListener, org.springframework.boot.test.autoconfigure.webservices.client.MockWebServiceServerTestExecutionListener, org.springframework.boot.test.mock.mockito.MockitoTestExecutionListener, org.springframework.boot.test.mock.mockito.ResetMocksTestExecutionListener, org.springframework.test.context.web.ServletTestExecutionListener, org.springframework.test.context.support.DirtiesContextBeforeModesTestExecutionListener, org.springframework.test.context.event.ApplicationEventsTestExecutionListener, org.springframework.test.context.support.DependencyInjectionTestExecutionListener, org.springframework.test.context.support.DirtiesContextTestExecutionListener, org.springframework.test.context.transaction.TransactionalTestExecutionListener, org.springframework.test.context.jdbc.SqlScriptsTestExecutionListener, org.springframework.test.context.event.EventPublishingTestExecutionListener]
2022-05-15 19:03:16.328  INFO 58011 --- [    Test worker] .b.t.c.SpringBootTestContextBootstrapper : Using TestExecutionListeners: [org.springframework.test.context.web.ServletTestExecutionListener@5825b775, org.springframework.test.context.support.DirtiesContextBeforeModesTestExecutionListener@6774703d, org.springframework.test.context.event.ApplicationEventsTestExecutionListener@70fdba51, org.springframework.boot.test.mock.mockito.MockitoTestExecutionListener@7719afb9, org.springframework.boot.test.autoconfigure.SpringBootDependencyInjectionTestExecutionListener@2f23030, org.springframework.test.context.support.DirtiesContextTestExecutionListener@46434dcb, org.springframework.test.context.transaction.TransactionalTestExecutionListener@5b714860, org.springframework.test.context.jdbc.SqlScriptsTestExecutionListener@612f50d0, org.springframework.security.test.context.support.WithSecurityContextTestExecutionListener@724f8f75, org.springframework.test.context.event.EventPublishingTestExecutionListener@2ebea9e2, org.springframework.security.test.context.support.ReactorContextTestExecutionListener@7fddd61d, org.springframework.boot.test.autoconfigure.restdocs.RestDocsTestExecutionListener@64efa0e6, org.springframework.boot.test.autoconfigure.web.client.MockRestServiceServerResetTestExecutionListener@6a55af29, org.springframework.boot.test.autoconfigure.web.servlet.MockMvcPrintOnlyOnFailureTestExecutionListener@317fea38, org.springframework.boot.test.autoconfigure.web.servlet.WebDriverTestExecutionListener@2083af34, org.springframework.boot.test.autoconfigure.webservices.client.MockWebServiceServerTestExecutionListener@39f2d352, org.springframework.boot.test.mock.mockito.ResetMocksTestExecutionListener@7e190fa2]
2022-05-15 19:03:16.440  INFO 58011 --- [o-auto-1-exec-1] o.a.c.c.C.[Tomcat].[localhost].[/]       : Initializing Spring DispatcherServlet 'dispatcherServlet'
2022-05-15 19:03:16.441  INFO 58011 --- [o-auto-1-exec-1] o.s.web.servlet.DispatcherServlet        : Initializing Servlet 'dispatcherServlet'
2022-05-15 19:03:16.442  INFO 58011 --- [o-auto-1-exec-1] o.s.web.servlet.DispatcherServlet        : Completed initialization in 1 ms
Hibernate: select posts0_.id as id1_0_, posts0_.created_date as created_2_0_, posts0_.modified_date as modified3_0_, posts0_.author as author4_0_, posts0_.content as content5_0_, posts0_.title as title6_0_ from posts posts0_ order by posts0_.id desc
]]></system-out>
  <system-err><![CDATA[]]></system-err>
</testsuite>
